<?xml version="1.0" encoding="UTF-8"?>
<testsuite xmlns:xsi="http://www.w3.org/2001/XMLSchema-instance" xsi:noNamespaceSchemaLocation="https://maven.apache.org/surefire/maven-surefire-plugin/xsd/surefire-test-report-3.0.xsd" version="3.0" name="com.kafkastreamcloudstreamerrorhandling.KafkaStreamCloudStreamErrorHandlingApplicationTests" time="9.046" tests="1" errors="0" skipped="0" failures="0">
  <properties>
[...]
</properties>
  <testcase name="contextLoads" classname="com.kafkastreamcloudstreamerrorhandling.KafkaStreamCloudStreamErrorHandlingApplicationTests" time="2.622">
    <system-out><![CDATA[09:57:31.336 [main] INFO org.springframework.test.context.support.AnnotationConfigContextLoaderUtils -- Could not detect default configuration classes for test class [com.kafkastreamcloudstreamerrorhandling.KafkaStreamCloudStreamErrorHandlingApplicationTests]: KafkaStreamCloudStreamErrorHandlingApplicationTests does not declare any static, non-private, non-final, nested classes annotated with @Configuration.
09:57:31.437 [main] INFO org.springframework.boot.test.context.SpringBootTestContextBootstrapper -- Found @SpringBootConfiguration com.kafkastreamcloudstreamerrorhandling.KafkaStreamCloudStreamErrorHandlingApplication for test class com.kafkastreamcloudstreamerrorhandling.KafkaStreamCloudStreamErrorHandlingApplicationTests

  .   ____          _            __ _ _
 /\\ / ___'_ __ _ _(_)_ __  __ _ \ \ \ \
( ( )\___ | '_ | '_| | '_ \/ _` | \ \ \ \
 \\/  ___)| |_)| | | | | || (_| |  ) ) ) )
  '  |____| .__|_| |_|_| |_\__, | / / / /
 =========|_|==============|___/=/_/_/_/
 :: Spring Boot ::                (v3.2.2)

2024-02-29T09:57:31.930+05:30  INFO 17452 --- [           main] CloudStreamErrorHandlingApplicationTests : Starting KafkaStreamCloudStreamErrorHandlingApplicationTests using Java 17.0.8 with PID 17452 (started by madhu in D:\spring-cloud-stream-with-kafka-streams\kafka-stream-cloud-stream-error-handling\kafka-stream-cloud-stream-error-handling)
2024-02-29T09:57:31.933+05:30  INFO 17452 --- [           main] CloudStreamErrorHandlingApplicationTests : No active profile set, falling back to 1 default profile: "default"
2024-02-29T09:57:33.697+05:30  INFO 17452 --- [           main] faultConfiguringBeanFactoryPostProcessor : No bean named 'errorChannel' has been explicitly defined. Therefore, a default PublishSubscribeChannel will be created.
2024-02-29T09:57:33.723+05:30  INFO 17452 --- [           main] faultConfiguringBeanFactoryPostProcessor : No bean named 'integrationHeaderChannelRegistry' has been explicitly defined. Therefore, a default DefaultHeaderChannelRegistry will be created.
2024-02-29T09:57:37.089+05:30  INFO 17452 --- [           main] StreamsVersionAgnosticTopologyInfoFacade : Using method org.apache.kafka.streams.processor.internals.TopologyMetadata.sourceTopicsForStore(java.lang.String,java.lang.String)
2024-02-29T09:57:37.502+05:30  INFO 17452 --- [           main] o.s.i.endpoint.EventDrivenConsumer       : Adding {logging-channel-adapter:_org.springframework.integration.errorLogger} as a subscriber to the 'errorChannel' channel
2024-02-29T09:57:37.505+05:30  INFO 17452 --- [           main] o.s.i.channel.PublishSubscribeChannel    : Channel 'application.errorChannel' has 1 subscriber(s).
2024-02-29T09:57:37.508+05:30  INFO 17452 --- [           main] o.s.i.endpoint.EventDrivenConsumer       : started bean '_org.springframework.integration.errorLogger'
2024-02-29T09:57:37.534+05:30  INFO 17452 --- [           main] CloudStreamErrorHandlingApplicationTests : Started KafkaStreamCloudStreamErrorHandlingApplicationTests in 5.904 seconds (process running for 6.783)
]]></system-out>
  </testcase>
</testsuite>